The system is: Linux - 5.13.0-valve36-1-neptune - x86_64
Compiling the C compiler identification source file "CMakeCCompilerId.c" succeeded.
Compiler: /usr/bin/cc 
Build flags: 
Id flags:  

The output was:
0


Compilation of the C compiler identification source "CMakeCCompilerId.c" produced "a.out"

The C compiler identification is GNU, found in "/home/deck/source/repos/C++/raylib623/build/CMakeFiles/3.24.2/CompilerIdC/a.out"

Compiling the CXX compiler identification source file "CMakeCXXCompilerId.cpp" succeeded.
Compiler: /usr/bin/c++ 
Build flags: 
Id flags:  

The output was:
0


Compilation of the CXX compiler identification source "CMakeCXXCompilerId.cpp" produced "a.out"

The CXX compiler identification is GNU, found in "/home/deck/source/repos/C++/raylib623/build/CMakeFiles/3.24.2/CompilerIdCXX/a.out"

Detecting C compiler ABI info compiled with the following output:
Change Dir: /home/deck/source/repos/C++/raylib623/build/CMakeFiles/CMakeTmp

Run Build Command(s):/usr/bin/make -f Makefile cmTC_397c9/fast && /usr/bin/make  -f CMakeFiles/cmTC_397c9.dir/build.make CMakeFiles/cmTC_397c9.dir/build
make[1]: Entering directory '/home/deck/source/repos/C++/raylib623/build/CMakeFiles/CMakeTmp'
Building C object CMakeFiles/cmTC_397c9.dir/CMakeCCompilerABI.c.o
/usr/bin/cc   -fdiagnostics-color=always   -v -o CMakeFiles/cmTC_397c9.dir/CMakeCCompilerABI.c.o -c /app/extra/clion/bin/cmake/linux/x64/share/cmake-3.24/Modules/CMakeCCompilerABI.c
Using built-in specs.
COLLECT_GCC=/usr/bin/cc
Target: x86_64-unknown-linux-gnu
Configured with: ../configure --prefix=/usr --exec-prefix=/usr --bindir=/usr/bin --sbindir=/usr/bin --sysconfdir=/etc --datadir=/usr/share --includedir=/usr/include --libdir=/usr/lib --libexecdir=/usr/libexec --localstatedir=/var --sharedstatedir=/usr/com --mandir=/usr/share/man --infodir=/usr/share/info --with-tune=generic --enable-deterministic-archives --enable-shared --build=x86_64-bootstrapper-linux-gnu --host=x86_64-unknown-linux-gnu lt_cv_sys_lib_dlsearch_path_spec=/usr/lib/x86_64-linux-gnu --target=x86_64-unknown-linux-gnu --disable-multilib --enable-multiarch --disable-bootstrap --with-build-sysroot=/cross-installation --enable-languages=c,c++,fortran,objc,obj-c++ --enable-default-pie --enable-default-ssp --with-isl --disable-libssp --enable-linker-build-id --disable-libstdcxx-filesystem-ts --enable-cet host_configargs=lt_cv_sys_lib_dlsearch_path_spec=/usr/lib/x86_64-linux-gnu target_configargs=lt_cv_sys_lib_dlsearch_path_spec=/usr/lib/x86_64-linux-gnu --with-tune=generic
Thread model: posix
Supported LTO compression algorithms: zlib
gcc version 12.2.0 (GCC) 
COLLECT_GCC_OPTIONS='-fdiagnostics-color=always' '-v' '-o' 'CMakeFiles/cmTC_397c9.dir/CMakeCCompilerABI.c.o' '-c' '-mtune=generic' '-march=x86-64' '-dumpdir' 'CMakeFiles/cmTC_397c9.dir/'
 /usr/libexec/gcc/x86_64-unknown-linux-gnu/12.2.0/cc1 -quiet -v -imultiarch x86_64-linux-gnu /app/extra/clion/bin/cmake/linux/x64/share/cmake-3.24/Modules/CMakeCCompilerABI.c -quiet -dumpdir CMakeFiles/cmTC_397c9.dir/ -dumpbase CMakeCCompilerABI.c.c -dumpbase-ext .c -mtune=generic -march=x86-64 -version -fdiagnostics-color=always -o /tmp/ccAgxa8S.s
GNU C17 (GCC) version 12.2.0 (x86_64-unknown-linux-gnu)
	compiled by GNU C version 12.2.0, GMP version 6.2.1, MPFR version 4.1.0, MPC version 1.2.1, isl version isl-0.25-GMP

GGC heuristics: --param ggc-min-expand=100 --param ggc-min-heapsize=131072
ignoring nonexistent directory "/usr/local/include/x86_64-linux-gnu"
ignoring nonexistent directory "/usr/local/include"
ignoring nonexistent directory "/usr/lib/gcc/x86_64-unknown-linux-gnu/12.2.0/../../../../x86_64-unknown-linux-gnu/include"
#include "..." search starts here:
#include <...> search starts here:
 /usr/lib/gcc/x86_64-unknown-linux-gnu/12.2.0/include
 /usr/lib/gcc/x86_64-unknown-linux-gnu/12.2.0/include-fixed
 /usr/include/x86_64-linux-gnu
 /usr/include
End of search list.
GNU C17 (GCC) version 12.2.0 (x86_64-unknown-linux-gnu)
	compiled by GNU C version 12.2.0, GMP version 6.2.1, MPFR version 4.1.0, MPC version 1.2.1, isl version isl-0.25-GMP

GGC heuristics: --param ggc-min-expand=100 --param ggc-min-heapsize=131072
Compiler executable checksum: 37cab164997aa1a032ece9abb3a79611
COLLECT_GCC_OPTIONS='-fdiagnostics-color=always' '-v' '-o' 'CMakeFiles/cmTC_397c9.dir/CMakeCCompilerABI.c.o' '-c' '-mtune=generic' '-march=x86-64' '-dumpdir' 'CMakeFiles/cmTC_397c9.dir/'
 /usr/lib/gcc/x86_64-unknown-linux-gnu/12.2.0/../../../../x86_64-unknown-linux-gnu/bin/as -v --64 -o CMakeFiles/cmTC_397c9.dir/CMakeCCompilerABI.c.o /tmp/ccAgxa8S.s
GNU assembler version 2.38 (x86_64-unknown-linux-gnu) using BFD version (GNU Binutils) 2.38
COMPILER_PATH=/usr/libexec/gcc/x86_64-unknown-linux-gnu/12.2.0/:/usr/libexec/gcc/x86_64-unknown-linux-gnu/12.2.0/:/usr/libexec/gcc/x86_64-unknown-linux-gnu/:/usr/lib/gcc/x86_64-unknown-linux-gnu/12.2.0/:/usr/lib/gcc/x86_64-unknown-linux-gnu/:/usr/lib/gcc/x86_64-unknown-linux-gnu/12.2.0/../../../../x86_64-unknown-linux-gnu/bin/
LIBRARY_PATH=/usr/lib/gcc/x86_64-unknown-linux-gnu/12.2.0/:/usr/lib/gcc/x86_64-unknown-linux-gnu/12.2.0/../../../x86_64-linux-gnu/:/usr/lib/gcc/x86_64-unknown-linux-gnu/12.2.0/../../../../lib64/:/lib/x86_64-linux-gnu/:/lib/../lib64/:/usr/lib/x86_64-linux-gnu/:/usr/lib/../lib64/:/usr/lib/gcc/x86_64-unknown-linux-gnu/12.2.0/../../../../x86_64-unknown-linux-gnu/lib/:/usr/lib/gcc/x86_64-unknown-linux-gnu/12.2.0/../../../:/lib/:/usr/lib/
COLLECT_GCC_OPTIONS='-fdiagnostics-color=always' '-v' '-o' 'CMakeFiles/cmTC_397c9.dir/CMakeCCompilerABI.c.o' '-c' '-mtune=generic' '-march=x86-64' '-dumpdir' 'CMakeFiles/cmTC_397c9.dir/CMakeCCompilerABI.c.'
Linking C executable cmTC_397c9
/app/extra/clion/bin/cmake/linux/x64/bin/cmake -E cmake_link_script CMakeFiles/cmTC_397c9.dir/link.txt --verbose=1
/usr/bin/cc  -v CMakeFiles/cmTC_397c9.dir/CMakeCCompilerABI.c.o -o cmTC_397c9 
Using built-in specs.
COLLECT_GCC=/usr/bin/cc
COLLECT_LTO_WRAPPER=/usr/libexec/gcc/x86_64-unknown-linux-gnu/12.2.0/lto-wrapper
Target: x86_64-unknown-linux-gnu
Configured with: ../configure --prefix=/usr --exec-prefix=/usr --bindir=/usr/bin --sbindir=/usr/bin --sysconfdir=/etc --datadir=/usr/share --includedir=/usr/include --libdir=/usr/lib --libexecdir=/usr/libexec --localstatedir=/var --sharedstatedir=/usr/com --mandir=/usr/share/man --infodir=/usr/share/info --with-tune=generic --enable-deterministic-archives --enable-shared --build=x86_64-bootstrapper-linux-gnu --host=x86_64-unknown-linux-gnu lt_cv_sys_lib_dlsearch_path_spec=/usr/lib/x86_64-linux-gnu --target=x86_64-unknown-linux-gnu --disable-multilib --enable-multiarch --disable-bootstrap --with-build-sysroot=/cross-installation --enable-languages=c,c++,fortran,objc,obj-c++ --enable-default-pie --enable-default-ssp --with-isl --disable-libssp --enable-linker-build-id --disable-libstdcxx-filesystem-ts --enable-cet host_configargs=lt_cv_sys_lib_dlsearch_path_spec=/usr/lib/x86_64-linux-gnu target_configargs=lt_cv_sys_lib_dlsearch_path_spec=/usr/lib/x86_64-linux-gnu --with-tune=generic
Thread model: posix
Supported LTO compression algorithms: zlib
gcc version 12.2.0 (GCC) 
COMPILER_PATH=/usr/libexec/gcc/x86_64-unknown-linux-gnu/12.2.0/:/usr/libexec/gcc/x86_64-unknown-linux-gnu/12.2.0/:/usr/libexec/gcc/x86_64-unknown-linux-gnu/:/usr/lib/gcc/x86_64-unknown-linux-gnu/12.2.0/:/usr/lib/gcc/x86_64-unknown-linux-gnu/:/usr/lib/gcc/x86_64-unknown-linux-gnu/12.2.0/../../../../x86_64-unknown-linux-gnu/bin/
LIBRARY_PATH=/usr/lib/gcc/x86_64-unknown-linux-gnu/12.2.0/:/usr/lib/gcc/x86_64-unknown-linux-gnu/12.2.0/../../../x86_64-linux-gnu/:/usr/lib/gcc/x86_64-unknown-linux-gnu/12.2.0/../../../../lib64/:/lib/x86_64-linux-gnu/:/lib/../lib64/:/usr/lib/x86_64-linux-gnu/:/usr/lib/../lib64/:/usr/lib/gcc/x86_64-unknown-linux-gnu/12.2.0/../../../../x86_64-unknown-linux-gnu/lib/:/usr/lib/gcc/x86_64-unknown-linux-gnu/12.2.0/../../../:/lib/:/usr/lib/
COLLECT_GCC_OPTIONS='-v' '-o' 'cmTC_397c9' '-mtune=generic' '-march=x86-64' '-dumpdir' 'cmTC_397c9.'
 /usr/libexec/gcc/x86_64-unknown-linux-gnu/12.2.0/collect2 -plugin /usr/libexec/gcc/x86_64-unknown-linux-gnu/12.2.0/liblto_plugin.so -plugin-opt=/usr/libexec/gcc/x86_64-unknown-linux-gnu/12.2.0/lto-wrapper -plugin-opt=-fresolution=/tmp/ccmvBbpT.res -plugin-opt=-pass-through=-lgcc -plugin-opt=-pass-through=-lgcc_s -plugin-opt=-pass-through=-lc -plugin-opt=-pass-through=-lgcc -plugin-opt=-pass-through=-lgcc_s --build-id --eh-frame-hdr -m elf_x86_64 -dynamic-linker /lib64/ld-linux-x86-64.so.2 -pie -o cmTC_397c9 /usr/lib/gcc/x86_64-unknown-linux-gnu/12.2.0/../../../x86_64-linux-gnu/Scrt1.o /usr/lib/gcc/x86_64-unknown-linux-gnu/12.2.0/../../../x86_64-linux-gnu/crti.o /usr/lib/gcc/x86_64-unknown-linux-gnu/12.2.0/crtbeginS.o -L/usr/lib/gcc/x86_64-unknown-linux-gnu/12.2.0 -L/usr/lib/gcc/x86_64-unknown-linux-gnu/12.2.0/../../../x86_64-linux-gnu -L/usr/lib/gcc/x86_64-unknown-linux-gnu/12.2.0/../../../../lib64 -L/lib/x86_64-linux-gnu -L/lib/../lib64 -L/usr/lib/x86_64-linux-gnu -L/usr/lib/../lib64 -L/usr/lib/gcc/x86_64-unknown-linux-gnu/12.2.0/../../../../x86_64-unknown-linux-gnu/lib -L/usr/lib/gcc/x86_64-unknown-linux-gnu/12.2.0/../../.. CMakeFiles/cmTC_397c9.dir/CMakeCCompilerABI.c.o -lgcc --push-state --as-needed -lgcc_s --pop-state -lc -lgcc --push-state --as-needed -lgcc_s --pop-state /usr/lib/gcc/x86_64-unknown-linux-gnu/12.2.0/crtendS.o /usr/lib/gcc/x86_64-unknown-linux-gnu/12.2.0/../../../x86_64-linux-gnu/crtn.o
COLLECT_GCC_OPTIONS='-v' '-o' 'cmTC_397c9' '-mtune=generic' '-march=x86-64' '-dumpdir' 'cmTC_397c9.'
make[1]: Leaving directory '/home/deck/source/repos/C++/raylib623/build/CMakeFiles/CMakeTmp'



Parsed C implicit include dir info from above output: rv=done
  found start of include info
  found start of implicit include info
    add: [/usr/lib/gcc/x86_64-unknown-linux-gnu/12.2.0/include]
    add: [/usr/lib/gcc/x86_64-unknown-linux-gnu/12.2.0/include-fixed]
    add: [/usr/include/x86_64-linux-gnu]
    add: [/usr/include]
  end of search list found
  collapse include dir [/usr/lib/gcc/x86_64-unknown-linux-gnu/12.2.0/include] ==> [/usr/lib/gcc/x86_64-unknown-linux-gnu/12.2.0/include]
  collapse include dir [/usr/lib/gcc/x86_64-unknown-linux-gnu/12.2.0/include-fixed] ==> [/usr/lib/gcc/x86_64-unknown-linux-gnu/12.2.0/include-fixed]
  collapse include dir [/usr/include/x86_64-linux-gnu] ==> [/usr/include/x86_64-linux-gnu]
  collapse include dir [/usr/include] ==> [/usr/include]
  implicit include dirs: [/usr/lib/gcc/x86_64-unknown-linux-gnu/12.2.0/include;/usr/lib/gcc/x86_64-unknown-linux-gnu/12.2.0/include-fixed;/usr/include/x86_64-linux-gnu;/usr/include]


Parsed C implicit link information from above output:
  link line regex: [^( *|.*[/\])(ld|CMAKE_LINK_STARTFILE-NOTFOUND|([^/\]+-)?ld|collect2)[^/\]*( |$)]
  ignore line: [Change Dir: /home/deck/source/repos/C++/raylib623/build/CMakeFiles/CMakeTmp]
  ignore line: []
  ignore line: [Run Build Command(s):/usr/bin/make -f Makefile cmTC_397c9/fast && /usr/bin/make  -f CMakeFiles/cmTC_397c9.dir/build.make CMakeFiles/cmTC_397c9.dir/build]
  ignore line: [make[1]: Entering directory '/home/deck/source/repos/C++/raylib623/build/CMakeFiles/CMakeTmp']
  ignore line: [Building C object CMakeFiles/cmTC_397c9.dir/CMakeCCompilerABI.c.o]
  ignore line: [/usr/bin/cc   -fdiagnostics-color=always   -v -o CMakeFiles/cmTC_397c9.dir/CMakeCCompilerABI.c.o -c /app/extra/clion/bin/cmake/linux/x64/share/cmake-3.24/Modules/CMakeCCompilerABI.c]
  ignore line: [Using built-in specs.]
  ignore line: [COLLECT_GCC=/usr/bin/cc]
  ignore line: [Target: x86_64-unknown-linux-gnu]
  ignore line: [Configured with: ../configure --prefix=/usr --exec-prefix=/usr --bindir=/usr/bin --sbindir=/usr/bin --sysconfdir=/etc --datadir=/usr/share --includedir=/usr/include --libdir=/usr/lib --libexecdir=/usr/libexec --localstatedir=/var --sharedstatedir=/usr/com --mandir=/usr/share/man --infodir=/usr/share/info --with-tune=generic --enable-deterministic-archives --enable-shared --build=x86_64-bootstrapper-linux-gnu --host=x86_64-unknown-linux-gnu lt_cv_sys_lib_dlsearch_path_spec=/usr/lib/x86_64-linux-gnu --target=x86_64-unknown-linux-gnu --disable-multilib --enable-multiarch --disable-bootstrap --with-build-sysroot=/cross-installation --enable-languages=c c++ fortran objc obj-c++ --enable-default-pie --enable-default-ssp --with-isl --disable-libssp --enable-linker-build-id --disable-libstdcxx-filesystem-ts --enable-cet host_configargs=lt_cv_sys_lib_dlsearch_path_spec=/usr/lib/x86_64-linux-gnu target_configargs=lt_cv_sys_lib_dlsearch_path_spec=/usr/lib/x86_64-linux-gnu --with-tune=generic]
  ignore line: [Thread model: posix]
  ignore line: [Supported LTO compression algorithms: zlib]
  ignore line: [gcc version 12.2.0 (GCC) ]
  ignore line: [COLLECT_GCC_OPTIONS='-fdiagnostics-color=always' '-v' '-o' 'CMakeFiles/cmTC_397c9.dir/CMakeCCompilerABI.c.o' '-c' '-mtune=generic' '-march=x86-64' '-dumpdir' 'CMakeFiles/cmTC_397c9.dir/']
  ignore line: [ /usr/libexec/gcc/x86_64-unknown-linux-gnu/12.2.0/cc1 -quiet -v -imultiarch x86_64-linux-gnu /app/extra/clion/bin/cmake/linux/x64/share/cmake-3.24/Modules/CMakeCCompilerABI.c -quiet -dumpdir CMakeFiles/cmTC_397c9.dir/ -dumpbase CMakeCCompilerABI.c.c -dumpbase-ext .c -mtune=generic -march=x86-64 -version -fdiagnostics-color=always -o /tmp/ccAgxa8S.s]
  ignore line: [GNU C17 (GCC) version 12.2.0 (x86_64-unknown-linux-gnu)]
  ignore line: [	compiled by GNU C version 12.2.0  GMP version 6.2.1  MPFR version 4.1.0  MPC version 1.2.1  isl version isl-0.25-GMP]
  ignore line: []
  ignore line: [GGC heuristics: --param ggc-min-expand=100 --param ggc-min-heapsize=131072]
  ignore line: [ignoring nonexistent directory "/usr/local/include/x86_64-linux-gnu"]
  ignore line: [ignoring nonexistent directory "/usr/local/include"]
  ignore line: [ignoring nonexistent directory "/usr/lib/gcc/x86_64-unknown-linux-gnu/12.2.0/../../../../x86_64-unknown-linux-gnu/include"]
  ignore line: [#include "..." search starts here:]
  ignore line: [#include <...> search starts here:]
  ignore line: [ /usr/lib/gcc/x86_64-unknown-linux-gnu/12.2.0/include]
  ignore line: [ /usr/lib/gcc/x86_64-unknown-linux-gnu/12.2.0/include-fixed]
  ignore line: [ /usr/include/x86_64-linux-gnu]
  ignore line: [ /usr/include]
  ignore line: [End of search list.]
  ignore line: [GNU C17 (GCC) version 12.2.0 (x86_64-unknown-linux-gnu)]
  ignore line: [	compiled by GNU C version 12.2.0  GMP version 6.2.1  MPFR version 4.1.0  MPC version 1.2.1  isl version isl-0.25-GMP]
  ignore line: []
  ignore line: [GGC heuristics: --param ggc-min-expand=100 --param ggc-min-heapsize=131072]
  ignore line: [Compiler executable checksum: 37cab164997aa1a032ece9abb3a79611]
  ignore line: [COLLECT_GCC_OPTIONS='-fdiagnostics-color=always' '-v' '-o' 'CMakeFiles/cmTC_397c9.dir/CMakeCCompilerABI.c.o' '-c' '-mtune=generic' '-march=x86-64' '-dumpdir' 'CMakeFiles/cmTC_397c9.dir/']
  ignore line: [ /usr/lib/gcc/x86_64-unknown-linux-gnu/12.2.0/../../../../x86_64-unknown-linux-gnu/bin/as -v --64 -o CMakeFiles/cmTC_397c9.dir/CMakeCCompilerABI.c.o /tmp/ccAgxa8S.s]
  ignore line: [GNU assembler version 2.38 (x86_64-unknown-linux-gnu) using BFD version (GNU Binutils) 2.38]
  ignore line: [COMPILER_PATH=/usr/libexec/gcc/x86_64-unknown-linux-gnu/12.2.0/:/usr/libexec/gcc/x86_64-unknown-linux-gnu/12.2.0/:/usr/libexec/gcc/x86_64-unknown-linux-gnu/:/usr/lib/gcc/x86_64-unknown-linux-gnu/12.2.0/:/usr/lib/gcc/x86_64-unknown-linux-gnu/:/usr/lib/gcc/x86_64-unknown-linux-gnu/12.2.0/../../../../x86_64-unknown-linux-gnu/bin/]
  ignore line: [LIBRARY_PATH=/usr/lib/gcc/x86_64-unknown-linux-gnu/12.2.0/:/usr/lib/gcc/x86_64-unknown-linux-gnu/12.2.0/../../../x86_64-linux-gnu/:/usr/lib/gcc/x86_64-unknown-linux-gnu/12.2.0/../../../../lib64/:/lib/x86_64-linux-gnu/:/lib/../lib64/:/usr/lib/x86_64-linux-gnu/:/usr/lib/../lib64/:/usr/lib/gcc/x86_64-unknown-linux-gnu/12.2.0/../../../../x86_64-unknown-linux-gnu/lib/:/usr/lib/gcc/x86_64-unknown-linux-gnu/12.2.0/../../../:/lib/:/usr/lib/]
  ignore line: [COLLECT_GCC_OPTIONS='-fdiagnostics-color=always' '-v' '-o' 'CMakeFiles/cmTC_397c9.dir/CMakeCCompilerABI.c.o' '-c' '-mtune=generic' '-march=x86-64' '-dumpdir' 'CMakeFiles/cmTC_397c9.dir/CMakeCCompilerABI.c.']
  ignore line: [Linking C executable cmTC_397c9]
  ignore line: [/app/extra/clion/bin/cmake/linux/x64/bin/cmake -E cmake_link_script CMakeFiles/cmTC_397c9.dir/link.txt --verbose=1]
  ignore line: [/usr/bin/cc  -v CMakeFiles/cmTC_397c9.dir/CMakeCCompilerABI.c.o -o cmTC_397c9 ]
  ignore line: [Using built-in specs.]
  ignore line: [COLLECT_GCC=/usr/bin/cc]
  ignore line: [COLLECT_LTO_WRAPPER=/usr/libexec/gcc/x86_64-unknown-linux-gnu/12.2.0/lto-wrapper]
  ignore line: [Target: x86_64-unknown-linux-gnu]
  ignore line: [Configured with: ../configure --prefix=/usr --exec-prefix=/usr --bindir=/usr/bin --sbindir=/usr/bin --sysconfdir=/etc --datadir=/usr/share --includedir=/usr/include --libdir=/usr/lib --libexecdir=/usr/libexec --localstatedir=/var --sharedstatedir=/usr/com --mandir=/usr/share/man --infodir=/usr/share/info --with-tune=generic --enable-deterministic-archives --enable-shared --build=x86_64-bootstrapper-linux-gnu --host=x86_64-unknown-linux-gnu lt_cv_sys_lib_dlsearch_path_spec=/usr/lib/x86_64-linux-gnu --target=x86_64-unknown-linux-gnu --disable-multilib --enable-multiarch --disable-bootstrap --with-build-sysroot=/cross-installation --enable-languages=c c++ fortran objc obj-c++ --enable-default-pie --enable-default-ssp --with-isl --disable-libssp --enable-linker-build-id --disable-libstdcxx-filesystem-ts --enable-cet host_configargs=lt_cv_sys_lib_dlsearch_path_spec=/usr/lib/x86_64-linux-gnu target_configargs=lt_cv_sys_lib_dlsearch_path_spec=/usr/lib/x86_64-linux-gnu --with-tune=generic]
  ignore line: [Thread model: posix]
  ignore line: [Supported LTO compression algorithms: zlib]
  ignore line: [gcc version 12.2.0 (GCC) ]
  ignore line: [COMPILER_PATH=/usr/libexec/gcc/x86_64-unknown-linux-gnu/12.2.0/:/usr/libexec/gcc/x86_64-unknown-linux-gnu/12.2.0/:/usr/libexec/gcc/x86_64-unknown-linux-gnu/:/usr/lib/gcc/x86_64-unknown-linux-gnu/12.2.0/:/usr/lib/gcc/x86_64-unknown-linux-gnu/:/usr/lib/gcc/x86_64-unknown-linux-gnu/12.2.0/../../../../x86_64-unknown-linux-gnu/bin/]
  ignore line: [LIBRARY_PATH=/usr/lib/gcc/x86_64-unknown-linux-gnu/12.2.0/:/usr/lib/gcc/x86_64-unknown-linux-gnu/12.2.0/../../../x86_64-linux-gnu/:/usr/lib/gcc/x86_64-unknown-linux-gnu/12.2.0/../../../../lib64/:/lib/x86_64-linux-gnu/:/lib/../lib64/:/usr/lib/x86_64-linux-gnu/:/usr/lib/../lib64/:/usr/lib/gcc/x86_64-unknown-linux-gnu/12.2.0/../../../../x86_64-unknown-linux-gnu/lib/:/usr/lib/gcc/x86_64-unknown-linux-gnu/12.2.0/../../../:/lib/:/usr/lib/]
  ignore line: [COLLECT_GCC_OPTIONS='-v' '-o' 'cmTC_397c9' '-mtune=generic' '-march=x86-64' '-dumpdir' 'cmTC_397c9.']
  link line: [ /usr/libexec/gcc/x86_64-unknown-linux-gnu/12.2.0/collect2 -plugin /usr/libexec/gcc/x86_64-unknown-linux-gnu/12.2.0/liblto_plugin.so -plugin-opt=/usr/libexec/gcc/x86_64-unknown-linux-gnu/12.2.0/lto-wrapper -plugin-opt=-fresolution=/tmp/ccmvBbpT.res -plugin-opt=-pass-through=-lgcc -plugin-opt=-pass-through=-lgcc_s -plugin-opt=-pass-through=-lc -plugin-opt=-pass-through=-lgcc -plugin-opt=-pass-through=-lgcc_s --build-id --eh-frame-hdr -m elf_x86_64 -dynamic-linker /lib64/ld-linux-x86-64.so.2 -pie -o cmTC_397c9 /usr/lib/gcc/x86_64-unknown-linux-gnu/12.2.0/../../../x86_64-linux-gnu/Scrt1.o /usr/lib/gcc/x86_64-unknown-linux-gnu/12.2.0/../../../x86_64-linux-gnu/crti.o /usr/lib/gcc/x86_64-unknown-linux-gnu/12.2.0/crtbeginS.o -L/usr/lib/gcc/x86_64-unknown-linux-gnu/12.2.0 -L/usr/lib/gcc/x86_64-unknown-linux-gnu/12.2.0/../../../x86_64-linux-gnu -L/usr/lib/gcc/x86_64-unknown-linux-gnu/12.2.0/../../../../lib64 -L/lib/x86_64-linux-gnu -L/lib/../lib64 -L/usr/lib/x86_64-linux-gnu -L/usr/lib/../lib64 -L/usr/lib/gcc/x86_64-unknown-linux-gnu/12.2.0/../../../../x86_64-unknown-linux-gnu/lib -L/usr/lib/gcc/x86_64-unknown-linux-gnu/12.2.0/../../.. CMakeFiles/cmTC_397c9.dir/CMakeCCompilerABI.c.o -lgcc --push-state --as-needed -lgcc_s --pop-state -lc -lgcc --push-state --as-needed -lgcc_s --pop-state /usr/lib/gcc/x86_64-unknown-linux-gnu/12.2.0/crtendS.o /usr/lib/gcc/x86_64-unknown-linux-gnu/12.2.0/../../../x86_64-linux-gnu/crtn.o]
    arg [/usr/libexec/gcc/x86_64-unknown-linux-gnu/12.2.0/collect2] ==> ignore
    arg [-plugin] ==> ignore
    arg [/usr/libexec/gcc/x86_64-unknown-linux-gnu/12.2.0/liblto_plugin.so] ==> ignore
    arg [-plugin-opt=/usr/libexec/gcc/x86_64-unknown-linux-gnu/12.2.0/lto-wrapper] ==> ignore
    arg [-plugin-opt=-fresolution=/tmp/ccmvBbpT.res] ==> ignore
    arg [-plugin-opt=-pass-through=-lgcc] ==> ignore
    arg [-plugin-opt=-pass-through=-lgcc_s] ==> ignore
    arg [-plugin-opt=-pass-through=-lc] ==> ignore
    arg [-plugin-opt=-pass-through=-lgcc] ==> ignore
    arg [-plugin-opt=-pass-through=-lgcc_s] ==> ignore
    arg [--build-id] ==> ignore
    arg [--eh-frame-hdr] ==> ignore
    arg [-m] ==> ignore
    arg [elf_x86_64] ==> ignore
    arg [-dynamic-linker] ==> ignore
    arg [/lib64/ld-linux-x86-64.so.2] ==> ignore
    arg [-pie] ==> ignore
    arg [-o] ==> ignore
    arg [cmTC_397c9] ==> ignore
    arg [/usr/lib/gcc/x86_64-unknown-linux-gnu/12.2.0/../../../x86_64-linux-gnu/Scrt1.o] ==> obj [/usr/lib/gcc/x86_64-unknown-linux-gnu/12.2.0/../../../x86_64-linux-gnu/Scrt1.o]
    arg [/usr/lib/gcc/x86_64-unknown-linux-gnu/12.2.0/../../../x86_64-linux-gnu/crti.o] ==> obj [/usr/lib/gcc/x86_64-unknown-linux-gnu/12.2.0/../../../x86_64-linux-gnu/crti.o]
    arg [/usr/lib/gcc/x86_64-unknown-linux-gnu/12.2.0/crtbeginS.o] ==> obj [/usr/lib/gcc/x86_64-unknown-linux-gnu/12.2.0/crtbeginS.o]
    arg [-L/usr/lib/gcc/x86_64-unknown-linux-gnu/12.2.0] ==> dir [/usr/lib/gcc/x86_64-unknown-linux-gnu/12.2.0]
    arg [-L/usr/lib/gcc/x86_64-unknown-linux-gnu/12.2.0/../../../x86_64-linux-gnu] ==> dir [/usr/lib/gcc/x86_64-unknown-linux-gnu/12.2.0/../../../x86_64-linux-gnu]
    arg [-L/usr/lib/gcc/x86_64-unknown-linux-gnu/12.2.0/../../../../lib64] ==> dir [/usr/lib/gcc/x86_64-unknown-linux-gnu/12.2.0/../../../../lib64]
    arg [-L/lib/x86_64-linux-gnu] ==> dir [/lib/x86_64-linux-gnu]
    arg [-L/lib/../lib64] ==> dir [/lib/../lib64]
    arg [-L/usr/lib/x86_64-linux-gnu] ==> dir [/usr/lib/x86_64-linux-gnu]
    arg [-L/usr/lib/../lib64] ==> dir [/usr/lib/../lib64]
    arg [-L/usr/lib/gcc/x86_64-unknown-linux-gnu/12.2.0/../../../../x86_64-unknown-linux-gnu/lib] ==> dir [/usr/lib/gcc/x86_64-unknown-linux-gnu/12.2.0/../../../../x86_64-unknown-linux-gnu/lib]
    arg [-L/usr/lib/gcc/x86_64-unknown-linux-gnu/12.2.0/../../..] ==> dir [/usr/lib/gcc/x86_64-unknown-linux-gnu/12.2.0/../../..]
    arg [CMakeFiles/cmTC_397c9.dir/CMakeCCompilerABI.c.o] ==> ignore
    arg [-lgcc] ==> lib [gcc]
    arg [--push-state] ==> ignore
    arg [--as-needed] ==> ignore
    arg [-lgcc_s] ==> lib [gcc_s]
    arg [--pop-state] ==> ignore
    arg [-lc] ==> lib [c]
    arg [-lgcc] ==> lib [gcc]
    arg [--push-state] ==> ignore
    arg [--as-needed] ==> ignore
    arg [-lgcc_s] ==> lib [gcc_s]
    arg [--pop-state] ==> ignore
    arg [/usr/lib/gcc/x86_64-unknown-linux-gnu/12.2.0/crtendS.o] ==> obj [/usr/lib/gcc/x86_64-unknown-linux-gnu/12.2.0/crtendS.o]
    arg [/usr/lib/gcc/x86_64-unknown-linux-gnu/12.2.0/../../../x86_64-linux-gnu/crtn.o] ==> obj [/usr/lib/gcc/x86_64-unknown-linux-gnu/12.2.0/../../../x86_64-linux-gnu/crtn.o]
  collapse obj [/usr/lib/gcc/x86_64-unknown-linux-gnu/12.2.0/../../../x86_64-linux-gnu/Scrt1.o] ==> [/usr/lib/x86_64-linux-gnu/Scrt1.o]
  collapse obj [/usr/lib/gcc/x86_64-unknown-linux-gnu/12.2.0/../../../x86_64-linux-gnu/crti.o] ==> [/usr/lib/x86_64-linux-gnu/crti.o]
  collapse obj [/usr/lib/gcc/x86_64-unknown-linux-gnu/12.2.0/../../../x86_64-linux-gnu/crtn.o] ==> [/usr/lib/x86_64-linux-gnu/crtn.o]
  collapse library dir [/usr/lib/gcc/x86_64-unknown-linux-gnu/12.2.0] ==> [/usr/lib/gcc/x86_64-unknown-linux-gnu/12.2.0]
  collapse library dir [/usr/lib/gcc/x86_64-unknown-linux-gnu/12.2.0/../../../x86_64-linux-gnu] ==> [/usr/lib/x86_64-linux-gnu]
  collapse library dir [/usr/lib/gcc/x86_64-unknown-linux-gnu/12.2.0/../../../../lib64] ==> [/usr/lib64]
  collapse library dir [/lib/x86_64-linux-gnu] ==> [/lib/x86_64-linux-gnu]
  collapse library dir [/lib/../lib64] ==> [/lib64]
  collapse library dir [/usr/lib/x86_64-linux-gnu] ==> [/usr/lib/x86_64-linux-gnu]
  collapse library dir [/usr/lib/../lib64] ==> [/usr/lib64]
  collapse library dir [/usr/lib/gcc/x86_64-unknown-linux-gnu/12.2.0/../../../../x86_64-unknown-linux-gnu/lib] ==> [/usr/x86_64-unknown-linux-gnu/lib]
  collapse library dir [/usr/lib/gcc/x86_64-unknown-linux-gnu/12.2.0/../../..] ==> [/usr/lib]
  implicit libs: [gcc;gcc_s;c;gcc;gcc_s]
  implicit objs: [/usr/lib/x86_64-linux-gnu/Scrt1.o;/usr/lib/x86_64-linux-gnu/crti.o;/usr/lib/gcc/x86_64-unknown-linux-gnu/12.2.0/crtbeginS.o;/usr/lib/gcc/x86_64-unknown-linux-gnu/12.2.0/crtendS.o;/usr/lib/x86_64-linux-gnu/crtn.o]
  implicit dirs: [/usr/lib/gcc/x86_64-unknown-linux-gnu/12.2.0;/usr/lib/x86_64-linux-gnu;/usr/lib64;/lib/x86_64-linux-gnu;/lib64;/usr/x86_64-unknown-linux-gnu/lib;/usr/lib]
  implicit fwks: []


Detecting CXX compiler ABI info compiled with the following output:
Change Dir: /home/deck/source/repos/C++/raylib623/build/CMakeFiles/CMakeTmp

Run Build Command(s):/usr/bin/make -f Makefile cmTC_e1df8/fast && /usr/bin/make  -f CMakeFiles/cmTC_e1df8.dir/build.make CMakeFiles/cmTC_e1df8.dir/build
make[1]: Entering directory '/home/deck/source/repos/C++/raylib623/build/CMakeFiles/CMakeTmp'
Building CXX object CMakeFiles/cmTC_e1df8.dir/CMakeCXXCompilerABI.cpp.o
/usr/bin/c++   -fdiagnostics-color=always   -v -o CMakeFiles/cmTC_e1df8.dir/CMakeCXXCompilerABI.cpp.o -c /app/extra/clion/bin/cmake/linux/x64/share/cmake-3.24/Modules/CMakeCXXCompilerABI.cpp
Using built-in specs.
COLLECT_GCC=/usr/bin/c++
Target: x86_64-unknown-linux-gnu
Configured with: ../configure --prefix=/usr --exec-prefix=/usr --bindir=/usr/bin --sbindir=/usr/bin --sysconfdir=/etc --datadir=/usr/share --includedir=/usr/include --libdir=/usr/lib --libexecdir=/usr/libexec --localstatedir=/var --sharedstatedir=/usr/com --mandir=/usr/share/man --infodir=/usr/share/info --with-tune=generic --enable-deterministic-archives --enable-shared --build=x86_64-bootstrapper-linux-gnu --host=x86_64-unknown-linux-gnu lt_cv_sys_lib_dlsearch_path_spec=/usr/lib/x86_64-linux-gnu --target=x86_64-unknown-linux-gnu --disable-multilib --enable-multiarch --disable-bootstrap --with-build-sysroot=/cross-installation --enable-languages=c,c++,fortran,objc,obj-c++ --enable-default-pie --enable-default-ssp --with-isl --disable-libssp --enable-linker-build-id --disable-libstdcxx-filesystem-ts --enable-cet host_configargs=lt_cv_sys_lib_dlsearch_path_spec=/usr/lib/x86_64-linux-gnu target_configargs=lt_cv_sys_lib_dlsearch_path_spec=/usr/lib/x86_64-linux-gnu --with-tune=generic
Thread model: posix
Supported LTO compression algorithms: zlib
gcc version 12.2.0 (GCC) 
COLLECT_GCC_OPTIONS='-fdiagnostics-color=always' '-v' '-o' 'CMakeFiles/cmTC_e1df8.dir/CMakeCXXCompilerABI.cpp.o' '-c' '-shared-libgcc' '-mtune=generic' '-march=x86-64' '-dumpdir' 'CMakeFiles/cmTC_e1df8.dir/'
 /usr/libexec/gcc/x86_64-unknown-linux-gnu/12.2.0/cc1plus -quiet -v -imultiarch x86_64-linux-gnu -D_GNU_SOURCE /app/extra/clion/bin/cmake/linux/x64/share/cmake-3.24/Modules/CMakeCXXCompilerABI.cpp -quiet -dumpdir CMakeFiles/cmTC_e1df8.dir/ -dumpbase CMakeCXXCompilerABI.cpp.cpp -dumpbase-ext .cpp -mtune=generic -march=x86-64 -version -fdiagnostics-color=always -o /tmp/ccwb8BLT.s
GNU C++17 (GCC) version 12.2.0 (x86_64-unknown-linux-gnu)
	compiled by GNU C version 12.2.0, GMP version 6.2.1, MPFR version 4.1.0, MPC version 1.2.1, isl version isl-0.25-GMP

GGC heuristics: --param ggc-min-expand=100 --param ggc-min-heapsize=131072
ignoring nonexistent directory "/usr/local/include/x86_64-linux-gnu"
ignoring nonexistent directory "/usr/local/include"
ignoring nonexistent directory "/usr/lib/gcc/x86_64-unknown-linux-gnu/12.2.0/../../../../x86_64-unknown-linux-gnu/include"
#include "..." search starts here:
#include <...> search starts here:
 /usr/lib/gcc/x86_64-unknown-linux-gnu/12.2.0/../../../../include/c++/12.2.0
 /usr/lib/gcc/x86_64-unknown-linux-gnu/12.2.0/../../../../include/c++/12.2.0/x86_64-unknown-linux-gnu
 /usr/lib/gcc/x86_64-unknown-linux-gnu/12.2.0/../../../../include/c++/12.2.0/backward
 /usr/lib/gcc/x86_64-unknown-linux-gnu/12.2.0/include
 /usr/lib/gcc/x86_64-unknown-linux-gnu/12.2.0/include-fixed
 /usr/include/x86_64-linux-gnu
 /usr/include
End of search list.
GNU C++17 (GCC) version 12.2.0 (x86_64-unknown-linux-gnu)
	compiled by GNU C version 12.2.0, GMP version 6.2.1, MPFR version 4.1.0, MPC version 1.2.1, isl version isl-0.25-GMP

GGC heuristics: --param ggc-min-expand=100 --param ggc-min-heapsize=131072
Compiler executable checksum: 6e3c1e75a37aacb2b4bd0742c7dfc81e
COLLECT_GCC_OPTIONS='-fdiagnostics-color=always' '-v' '-o' 'CMakeFiles/cmTC_e1df8.dir/CMakeCXXCompilerABI.cpp.o' '-c' '-shared-libgcc' '-mtune=generic' '-march=x86-64' '-dumpdir' 'CMakeFiles/cmTC_e1df8.dir/'
 /usr/lib/gcc/x86_64-unknown-linux-gnu/12.2.0/../../../../x86_64-unknown-linux-gnu/bin/as -v --64 -o CMakeFiles/cmTC_e1df8.dir/CMakeCXXCompilerABI.cpp.o /tmp/ccwb8BLT.s
GNU assembler version 2.38 (x86_64-unknown-linux-gnu) using BFD version (GNU Binutils) 2.38
COMPILER_PATH=/usr/libexec/gcc/x86_64-unknown-linux-gnu/12.2.0/:/usr/libexec/gcc/x86_64-unknown-linux-gnu/12.2.0/:/usr/libexec/gcc/x86_64-unknown-linux-gnu/:/usr/lib/gcc/x86_64-unknown-linux-gnu/12.2.0/:/usr/lib/gcc/x86_64-unknown-linux-gnu/:/usr/lib/gcc/x86_64-unknown-linux-gnu/12.2.0/../../../../x86_64-unknown-linux-gnu/bin/
LIBRARY_PATH=/usr/lib/gcc/x86_64-unknown-linux-gnu/12.2.0/:/usr/lib/gcc/x86_64-unknown-linux-gnu/12.2.0/../../../x86_64-linux-gnu/:/usr/lib/gcc/x86_64-unknown-linux-gnu/12.2.0/../../../../lib64/:/lib/x86_64-linux-gnu/:/lib/../lib64/:/usr/lib/x86_64-linux-gnu/:/usr/lib/../lib64/:/usr/lib/gcc/x86_64-unknown-linux-gnu/12.2.0/../../../../x86_64-unknown-linux-gnu/lib/:/usr/lib/gcc/x86_64-unknown-linux-gnu/12.2.0/../../../:/lib/:/usr/lib/
COLLECT_GCC_OPTIONS='-fdiagnostics-color=always' '-v' '-o' 'CMakeFiles/cmTC_e1df8.dir/CMakeCXXCompilerABI.cpp.o' '-c' '-shared-libgcc' '-mtune=generic' '-march=x86-64' '-dumpdir' 'CMakeFiles/cmTC_e1df8.dir/CMakeCXXCompilerABI.cpp.'
Linking CXX executable cmTC_e1df8
/app/extra/clion/bin/cmake/linux/x64/bin/cmake -E cmake_link_script CMakeFiles/cmTC_e1df8.dir/link.txt --verbose=1
/usr/bin/c++  -v CMakeFiles/cmTC_e1df8.dir/CMakeCXXCompilerABI.cpp.o -o cmTC_e1df8 
Using built-in specs.
COLLECT_GCC=/usr/bin/c++
COLLECT_LTO_WRAPPER=/usr/libexec/gcc/x86_64-unknown-linux-gnu/12.2.0/lto-wrapper
Target: x86_64-unknown-linux-gnu
Configured with: ../configure --prefix=/usr --exec-prefix=/usr --bindir=/usr/bin --sbindir=/usr/bin --sysconfdir=/etc --datadir=/usr/share --includedir=/usr/include --libdir=/usr/lib --libexecdir=/usr/libexec --localstatedir=/var --sharedstatedir=/usr/com --mandir=/usr/share/man --infodir=/usr/share/info --with-tune=generic --enable-deterministic-archives --enable-shared --build=x86_64-bootstrapper-linux-gnu --host=x86_64-unknown-linux-gnu lt_cv_sys_lib_dlsearch_path_spec=/usr/lib/x86_64-linux-gnu --target=x86_64-unknown-linux-gnu --disable-multilib --enable-multiarch --disable-bootstrap --with-build-sysroot=/cross-installation --enable-languages=c,c++,fortran,objc,obj-c++ --enable-default-pie --enable-default-ssp --with-isl --disable-libssp --enable-linker-build-id --disable-libstdcxx-filesystem-ts --enable-cet host_configargs=lt_cv_sys_lib_dlsearch_path_spec=/usr/lib/x86_64-linux-gnu target_configargs=lt_cv_sys_lib_dlsearch_path_spec=/usr/lib/x86_64-linux-gnu --with-tune=generic
Thread model: posix
Supported LTO compression algorithms: zlib
gcc version 12.2.0 (GCC) 
COMPILER_PATH=/usr/libexec/gcc/x86_64-unknown-linux-gnu/12.2.0/:/usr/libexec/gcc/x86_64-unknown-linux-gnu/12.2.0/:/usr/libexec/gcc/x86_64-unknown-linux-gnu/:/usr/lib/gcc/x86_64-unknown-linux-gnu/12.2.0/:/usr/lib/gcc/x86_64-unknown-linux-gnu/:/usr/lib/gcc/x86_64-unknown-linux-gnu/12.2.0/../../../../x86_64-unknown-linux-gnu/bin/
LIBRARY_PATH=/usr/lib/gcc/x86_64-unknown-linux-gnu/12.2.0/:/usr/lib/gcc/x86_64-unknown-linux-gnu/12.2.0/../../../x86_64-linux-gnu/:/usr/lib/gcc/x86_64-unknown-linux-gnu/12.2.0/../../../../lib64/:/lib/x86_64-linux-gnu/:/lib/../lib64/:/usr/lib/x86_64-linux-gnu/:/usr/lib/../lib64/:/usr/lib/gcc/x86_64-unknown-linux-gnu/12.2.0/../../../../x86_64-unknown-linux-gnu/lib/:/usr/lib/gcc/x86_64-unknown-linux-gnu/12.2.0/../../../:/lib/:/usr/lib/
COLLECT_GCC_OPTIONS='-v' '-o' 'cmTC_e1df8' '-shared-libgcc' '-mtune=generic' '-march=x86-64' '-dumpdir' 'cmTC_e1df8.'
 /usr/libexec/gcc/x86_64-unknown-linux-gnu/12.2.0/collect2 -plugin /usr/libexec/gcc/x86_64-unknown-linux-gnu/12.2.0/liblto_plugin.so -plugin-opt=/usr/libexec/gcc/x86_64-unknown-linux-gnu/12.2.0/lto-wrapper -plugin-opt=-fresolution=/tmp/ccLgaI1s.res -plugin-opt=-pass-through=-lgcc_s -plugin-opt=-pass-through=-lgcc -plugin-opt=-pass-through=-lc -plugin-opt=-pass-through=-lgcc_s -plugin-opt=-pass-through=-lgcc --build-id --eh-frame-hdr -m elf_x86_64 -dynamic-linker /lib64/ld-linux-x86-64.so.2 -pie -o cmTC_e1df8 /usr/lib/gcc/x86_64-unknown-linux-gnu/12.2.0/../../../x86_64-linux-gnu/Scrt1.o /usr/lib/gcc/x86_64-unknown-linux-gnu/12.2.0/../../../x86_64-linux-gnu/crti.o /usr/lib/gcc/x86_64-unknown-linux-gnu/12.2.0/crtbeginS.o -L/usr/lib/gcc/x86_64-unknown-linux-gnu/12.2.0 -L/usr/lib/gcc/x86_64-unknown-linux-gnu/12.2.0/../../../x86_64-linux-gnu -L/usr/lib/gcc/x86_64-unknown-linux-gnu/12.2.0/../../../../lib64 -L/lib/x86_64-linux-gnu -L/lib/../lib64 -L/usr/lib/x86_64-linux-gnu -L/usr/lib/../lib64 -L/usr/lib/gcc/x86_64-unknown-linux-gnu/12.2.0/../../../../x86_64-unknown-linux-gnu/lib -L/usr/lib/gcc/x86_64-unknown-linux-gnu/12.2.0/../../.. CMakeFiles/cmTC_e1df8.dir/CMakeCXXCompilerABI.cpp.o -lstdc++ -lm -lgcc_s -lgcc -lc -lgcc_s -lgcc /usr/lib/gcc/x86_64-unknown-linux-gnu/12.2.0/crtendS.o /usr/lib/gcc/x86_64-unknown-linux-gnu/12.2.0/../../../x86_64-linux-gnu/crtn.o
COLLECT_GCC_OPTIONS='-v' '-o' 'cmTC_e1df8' '-shared-libgcc' '-mtune=generic' '-march=x86-64' '-dumpdir' 'cmTC_e1df8.'
make[1]: Leaving directory '/home/deck/source/repos/C++/raylib623/build/CMakeFiles/CMakeTmp'



Parsed CXX implicit include dir info from above output: rv=done
  found start of include info
  found start of implicit include info
    add: [/usr/lib/gcc/x86_64-unknown-linux-gnu/12.2.0/../../../../include/c++/12.2.0]
    add: [/usr/lib/gcc/x86_64-unknown-linux-gnu/12.2.0/../../../../include/c++/12.2.0/x86_64-unknown-linux-gnu]
    add: [/usr/lib/gcc/x86_64-unknown-linux-gnu/12.2.0/../../../../include/c++/12.2.0/backward]
    add: [/usr/lib/gcc/x86_64-unknown-linux-gnu/12.2.0/include]
    add: [/usr/lib/gcc/x86_64-unknown-linux-gnu/12.2.0/include-fixed]
    add: [/usr/include/x86_64-linux-gnu]
    add: [/usr/include]
  end of search list found
  collapse include dir [/usr/lib/gcc/x86_64-unknown-linux-gnu/12.2.0/../../../../include/c++/12.2.0] ==> [/usr/include/c++/12.2.0]
  collapse include dir [/usr/lib/gcc/x86_64-unknown-linux-gnu/12.2.0/../../../../include/c++/12.2.0/x86_64-unknown-linux-gnu] ==> [/usr/include/c++/12.2.0/x86_64-unknown-linux-gnu]
  collapse include dir [/usr/lib/gcc/x86_64-unknown-linux-gnu/12.2.0/../../../../include/c++/12.2.0/backward] ==> [/usr/include/c++/12.2.0/backward]
  collapse include dir [/usr/lib/gcc/x86_64-unknown-linux-gnu/12.2.0/include] ==> [/usr/lib/gcc/x86_64-unknown-linux-gnu/12.2.0/include]
  collapse include dir [/usr/lib/gcc/x86_64-unknown-linux-gnu/12.2.0/include-fixed] ==> [/usr/lib/gcc/x86_64-unknown-linux-gnu/12.2.0/include-fixed]
  collapse include dir [/usr/include/x86_64-linux-gnu] ==> [/usr/include/x86_64-linux-gnu]
  collapse include dir [/usr/include] ==> [/usr/include]
  implicit include dirs: [/usr/include/c++/12.2.0;/usr/include/c++/12.2.0/x86_64-unknown-linux-gnu;/usr/include/c++/12.2.0/backward;/usr/lib/gcc/x86_64-unknown-linux-gnu/12.2.0/include;/usr/lib/gcc/x86_64-unknown-linux-gnu/12.2.0/include-fixed;/usr/include/x86_64-linux-gnu;/usr/include]


Parsed CXX implicit link information from above output:
  link line regex: [^( *|.*[/\])(ld|CMAKE_LINK_STARTFILE-NOTFOUND|([^/\]+-)?ld|collect2)[^/\]*( |$)]
  ignore line: [Change Dir: /home/deck/source/repos/C++/raylib623/build/CMakeFiles/CMakeTmp]
  ignore line: []
  ignore line: [Run Build Command(s):/usr/bin/make -f Makefile cmTC_e1df8/fast && /usr/bin/make  -f CMakeFiles/cmTC_e1df8.dir/build.make CMakeFiles/cmTC_e1df8.dir/build]
  ignore line: [make[1]: Entering directory '/home/deck/source/repos/C++/raylib623/build/CMakeFiles/CMakeTmp']
  ignore line: [Building CXX object CMakeFiles/cmTC_e1df8.dir/CMakeCXXCompilerABI.cpp.o]
  ignore line: [/usr/bin/c++   -fdiagnostics-color=always   -v -o CMakeFiles/cmTC_e1df8.dir/CMakeCXXCompilerABI.cpp.o -c /app/extra/clion/bin/cmake/linux/x64/share/cmake-3.24/Modules/CMakeCXXCompilerABI.cpp]
  ignore line: [Using built-in specs.]
  ignore line: [COLLECT_GCC=/usr/bin/c++]
  ignore line: [Target: x86_64-unknown-linux-gnu]
  ignore line: [Configured with: ../configure --prefix=/usr --exec-prefix=/usr --bindir=/usr/bin --sbindir=/usr/bin --sysconfdir=/etc --datadir=/usr/share --includedir=/usr/include --libdir=/usr/lib --libexecdir=/usr/libexec --localstatedir=/var --sharedstatedir=/usr/com --mandir=/usr/share/man --infodir=/usr/share/info --with-tune=generic --enable-deterministic-archives --enable-shared --build=x86_64-bootstrapper-linux-gnu --host=x86_64-unknown-linux-gnu lt_cv_sys_lib_dlsearch_path_spec=/usr/lib/x86_64-linux-gnu --target=x86_64-unknown-linux-gnu --disable-multilib --enable-multiarch --disable-bootstrap --with-build-sysroot=/cross-installation --enable-languages=c c++ fortran objc obj-c++ --enable-default-pie --enable-default-ssp --with-isl --disable-libssp --enable-linker-build-id --disable-libstdcxx-filesystem-ts --enable-cet host_configargs=lt_cv_sys_lib_dlsearch_path_spec=/usr/lib/x86_64-linux-gnu target_configargs=lt_cv_sys_lib_dlsearch_path_spec=/usr/lib/x86_64-linux-gnu --with-tune=generic]
  ignore line: [Thread model: posix]
  ignore line: [Supported LTO compression algorithms: zlib]
  ignore line: [gcc version 12.2.0 (GCC) ]
  ignore line: [COLLECT_GCC_OPTIONS='-fdiagnostics-color=always' '-v' '-o' 'CMakeFiles/cmTC_e1df8.dir/CMakeCXXCompilerABI.cpp.o' '-c' '-shared-libgcc' '-mtune=generic' '-march=x86-64' '-dumpdir' 'CMakeFiles/cmTC_e1df8.dir/']
  ignore line: [ /usr/libexec/gcc/x86_64-unknown-linux-gnu/12.2.0/cc1plus -quiet -v -imultiarch x86_64-linux-gnu -D_GNU_SOURCE /app/extra/clion/bin/cmake/linux/x64/share/cmake-3.24/Modules/CMakeCXXCompilerABI.cpp -quiet -dumpdir CMakeFiles/cmTC_e1df8.dir/ -dumpbase CMakeCXXCompilerABI.cpp.cpp -dumpbase-ext .cpp -mtune=generic -march=x86-64 -version -fdiagnostics-color=always -o /tmp/ccwb8BLT.s]
  ignore line: [GNU C++17 (GCC) version 12.2.0 (x86_64-unknown-linux-gnu)]
  ignore line: [	compiled by GNU C version 12.2.0  GMP version 6.2.1  MPFR version 4.1.0  MPC version 1.2.1  isl version isl-0.25-GMP]
  ignore line: []
  ignore line: [GGC heuristics: --param ggc-min-expand=100 --param ggc-min-heapsize=131072]
  ignore line: [ignoring nonexistent directory "/usr/local/include/x86_64-linux-gnu"]
  ignore line: [ignoring nonexistent directory "/usr/local/include"]
  ignore line: [ignoring nonexistent directory "/usr/lib/gcc/x86_64-unknown-linux-gnu/12.2.0/../../../../x86_64-unknown-linux-gnu/include"]
  ignore line: [#include "..." search starts here:]
  ignore line: [#include <...> search starts here:]
  ignore line: [ /usr/lib/gcc/x86_64-unknown-linux-gnu/12.2.0/../../../../include/c++/12.2.0]
  ignore line: [ /usr/lib/gcc/x86_64-unknown-linux-gnu/12.2.0/../../../../include/c++/12.2.0/x86_64-unknown-linux-gnu]
  ignore line: [ /usr/lib/gcc/x86_64-unknown-linux-gnu/12.2.0/../../../../include/c++/12.2.0/backward]
  ignore line: [ /usr/lib/gcc/x86_64-unknown-linux-gnu/12.2.0/include]
  ignore line: [ /usr/lib/gcc/x86_64-unknown-linux-gnu/12.2.0/include-fixed]
  ignore line: [ /usr/include/x86_64-linux-gnu]
  ignore line: [ /usr/include]
  ignore line: [End of search list.]
  ignore line: [GNU C++17 (GCC) version 12.2.0 (x86_64-unknown-linux-gnu)]
  ignore line: [	compiled by GNU C version 12.2.0  GMP version 6.2.1  MPFR version 4.1.0  MPC version 1.2.1  isl version isl-0.25-GMP]
  ignore line: []
  ignore line: [GGC heuristics: --param ggc-min-expand=100 --param ggc-min-heapsize=131072]
  ignore line: [Compiler executable checksum: 6e3c1e75a37aacb2b4bd0742c7dfc81e]
  ignore line: [COLLECT_GCC_OPTIONS='-fdiagnostics-color=always' '-v' '-o' 'CMakeFiles/cmTC_e1df8.dir/CMakeCXXCompilerABI.cpp.o' '-c' '-shared-libgcc' '-mtune=generic' '-march=x86-64' '-dumpdir' 'CMakeFiles/cmTC_e1df8.dir/']
  ignore line: [ /usr/lib/gcc/x86_64-unknown-linux-gnu/12.2.0/../../../../x86_64-unknown-linux-gnu/bin/as -v --64 -o CMakeFiles/cmTC_e1df8.dir/CMakeCXXCompilerABI.cpp.o /tmp/ccwb8BLT.s]
  ignore line: [GNU assembler version 2.38 (x86_64-unknown-linux-gnu) using BFD version (GNU Binutils) 2.38]
  ignore line: [COMPILER_PATH=/usr/libexec/gcc/x86_64-unknown-linux-gnu/12.2.0/:/usr/libexec/gcc/x86_64-unknown-linux-gnu/12.2.0/:/usr/libexec/gcc/x86_64-unknown-linux-gnu/:/usr/lib/gcc/x86_64-unknown-linux-gnu/12.2.0/:/usr/lib/gcc/x86_64-unknown-linux-gnu/:/usr/lib/gcc/x86_64-unknown-linux-gnu/12.2.0/../../../../x86_64-unknown-linux-gnu/bin/]
  ignore line: [LIBRARY_PATH=/usr/lib/gcc/x86_64-unknown-linux-gnu/12.2.0/:/usr/lib/gcc/x86_64-unknown-linux-gnu/12.2.0/../../../x86_64-linux-gnu/:/usr/lib/gcc/x86_64-unknown-linux-gnu/12.2.0/../../../../lib64/:/lib/x86_64-linux-gnu/:/lib/../lib64/:/usr/lib/x86_64-linux-gnu/:/usr/lib/../lib64/:/usr/lib/gcc/x86_64-unknown-linux-gnu/12.2.0/../../../../x86_64-unknown-linux-gnu/lib/:/usr/lib/gcc/x86_64-unknown-linux-gnu/12.2.0/../../../:/lib/:/usr/lib/]
  ignore line: [COLLECT_GCC_OPTIONS='-fdiagnostics-color=always' '-v' '-o' 'CMakeFiles/cmTC_e1df8.dir/CMakeCXXCompilerABI.cpp.o' '-c' '-shared-libgcc' '-mtune=generic' '-march=x86-64' '-dumpdir' 'CMakeFiles/cmTC_e1df8.dir/CMakeCXXCompilerABI.cpp.']
  ignore line: [Linking CXX executable cmTC_e1df8]
  ignore line: [/app/extra/clion/bin/cmake/linux/x64/bin/cmake -E cmake_link_script CMakeFiles/cmTC_e1df8.dir/link.txt --verbose=1]
  ignore line: [/usr/bin/c++  -v CMakeFiles/cmTC_e1df8.dir/CMakeCXXCompilerABI.cpp.o -o cmTC_e1df8 ]
  ignore line: [Using built-in specs.]
  ignore line: [COLLECT_GCC=/usr/bin/c++]
  ignore line: [COLLECT_LTO_WRAPPER=/usr/libexec/gcc/x86_64-unknown-linux-gnu/12.2.0/lto-wrapper]
  ignore line: [Target: x86_64-unknown-linux-gnu]
  ignore line: [Configured with: ../configure --prefix=/usr --exec-prefix=/usr --bindir=/usr/bin --sbindir=/usr/bin --sysconfdir=/etc --datadir=/usr/share --includedir=/usr/include --libdir=/usr/lib --libexecdir=/usr/libexec --localstatedir=/var --sharedstatedir=/usr/com --mandir=/usr/share/man --infodir=/usr/share/info --with-tune=generic --enable-deterministic-archives --enable-shared --build=x86_64-bootstrapper-linux-gnu --host=x86_64-unknown-linux-gnu lt_cv_sys_lib_dlsearch_path_spec=/usr/lib/x86_64-linux-gnu --target=x86_64-unknown-linux-gnu --disable-multilib --enable-multiarch --disable-bootstrap --with-build-sysroot=/cross-installation --enable-languages=c c++ fortran objc obj-c++ --enable-default-pie --enable-default-ssp --with-isl --disable-libssp --enable-linker-build-id --disable-libstdcxx-filesystem-ts --enable-cet host_configargs=lt_cv_sys_lib_dlsearch_path_spec=/usr/lib/x86_64-linux-gnu target_configargs=lt_cv_sys_lib_dlsearch_path_spec=/usr/lib/x86_64-linux-gnu --with-tune=generic]
  ignore line: [Thread model: posix]
  ignore line: [Supported LTO compression algorithms: zlib]
  ignore line: [gcc version 12.2.0 (GCC) ]
  ignore line: [COMPILER_PATH=/usr/libexec/gcc/x86_64-unknown-linux-gnu/12.2.0/:/usr/libexec/gcc/x86_64-unknown-linux-gnu/12.2.0/:/usr/libexec/gcc/x86_64-unknown-linux-gnu/:/usr/lib/gcc/x86_64-unknown-linux-gnu/12.2.0/:/usr/lib/gcc/x86_64-unknown-linux-gnu/:/usr/lib/gcc/x86_64-unknown-linux-gnu/12.2.0/../../../../x86_64-unknown-linux-gnu/bin/]
  ignore line: [LIBRARY_PATH=/usr/lib/gcc/x86_64-unknown-linux-gnu/12.2.0/:/usr/lib/gcc/x86_64-unknown-linux-gnu/12.2.0/../../../x86_64-linux-gnu/:/usr/lib/gcc/x86_64-unknown-linux-gnu/12.2.0/../../../../lib64/:/lib/x86_64-linux-gnu/:/lib/../lib64/:/usr/lib/x86_64-linux-gnu/:/usr/lib/../lib64/:/usr/lib/gcc/x86_64-unknown-linux-gnu/12.2.0/../../../../x86_64-unknown-linux-gnu/lib/:/usr/lib/gcc/x86_64-unknown-linux-gnu/12.2.0/../../../:/lib/:/usr/lib/]
  ignore line: [COLLECT_GCC_OPTIONS='-v' '-o' 'cmTC_e1df8' '-shared-libgcc' '-mtune=generic' '-march=x86-64' '-dumpdir' 'cmTC_e1df8.']
  link line: [ /usr/libexec/gcc/x86_64-unknown-linux-gnu/12.2.0/collect2 -plugin /usr/libexec/gcc/x86_64-unknown-linux-gnu/12.2.0/liblto_plugin.so -plugin-opt=/usr/libexec/gcc/x86_64-unknown-linux-gnu/12.2.0/lto-wrapper -plugin-opt=-fresolution=/tmp/ccLgaI1s.res -plugin-opt=-pass-through=-lgcc_s -plugin-opt=-pass-through=-lgcc -plugin-opt=-pass-through=-lc -plugin-opt=-pass-through=-lgcc_s -plugin-opt=-pass-through=-lgcc --build-id --eh-frame-hdr -m elf_x86_64 -dynamic-linker /lib64/ld-linux-x86-64.so.2 -pie -o cmTC_e1df8 /usr/lib/gcc/x86_64-unknown-linux-gnu/12.2.0/../../../x86_64-linux-gnu/Scrt1.o /usr/lib/gcc/x86_64-unknown-linux-gnu/12.2.0/../../../x86_64-linux-gnu/crti.o /usr/lib/gcc/x86_64-unknown-linux-gnu/12.2.0/crtbeginS.o -L/usr/lib/gcc/x86_64-unknown-linux-gnu/12.2.0 -L/usr/lib/gcc/x86_64-unknown-linux-gnu/12.2.0/../../../x86_64-linux-gnu -L/usr/lib/gcc/x86_64-unknown-linux-gnu/12.2.0/../../../../lib64 -L/lib/x86_64-linux-gnu -L/lib/../lib64 -L/usr/lib/x86_64-linux-gnu -L/usr/lib/../lib64 -L/usr/lib/gcc/x86_64-unknown-linux-gnu/12.2.0/../../../../x86_64-unknown-linux-gnu/lib -L/usr/lib/gcc/x86_64-unknown-linux-gnu/12.2.0/../../.. CMakeFiles/cmTC_e1df8.dir/CMakeCXXCompilerABI.cpp.o -lstdc++ -lm -lgcc_s -lgcc -lc -lgcc_s -lgcc /usr/lib/gcc/x86_64-unknown-linux-gnu/12.2.0/crtendS.o /usr/lib/gcc/x86_64-unknown-linux-gnu/12.2.0/../../../x86_64-linux-gnu/crtn.o]
    arg [/usr/libexec/gcc/x86_64-unknown-linux-gnu/12.2.0/collect2] ==> ignore
    arg [-plugin] ==> ignore
    arg [/usr/libexec/gcc/x86_64-unknown-linux-gnu/12.2.0/liblto_plugin.so] ==> ignore
    arg [-plugin-opt=/usr/libexec/gcc/x86_64-unknown-linux-gnu/12.2.0/lto-wrapper] ==> ignore
    arg [-plugin-opt=-fresolution=/tmp/ccLgaI1s.res] ==> ignore
    arg [-plugin-opt=-pass-through=-lgcc_s] ==> ignore
    arg [-plugin-opt=-pass-through=-lgcc] ==> ignore
    arg [-plugin-opt=-pass-through=-lc] ==> ignore
    arg [-plugin-opt=-pass-through=-lgcc_s] ==> ignore
    arg [-plugin-opt=-pass-through=-lgcc] ==> ignore
    arg [--build-id] ==> ignore
    arg [--eh-frame-hdr] ==> ignore
    arg [-m] ==> ignore
    arg [elf_x86_64] ==> ignore
    arg [-dynamic-linker] ==> ignore
    arg [/lib64/ld-linux-x86-64.so.2] ==> ignore
    arg [-pie] ==> ignore
    arg [-o] ==> ignore
    arg [cmTC_e1df8] ==> ignore
    arg [/usr/lib/gcc/x86_64-unknown-linux-gnu/12.2.0/../../../x86_64-linux-gnu/Scrt1.o] ==> obj [/usr/lib/gcc/x86_64-unknown-linux-gnu/12.2.0/../../../x86_64-linux-gnu/Scrt1.o]
    arg [/usr/lib/gcc/x86_64-unknown-linux-gnu/12.2.0/../../../x86_64-linux-gnu/crti.o] ==> obj [/usr/lib/gcc/x86_64-unknown-linux-gnu/12.2.0/../../../x86_64-linux-gnu/crti.o]
    arg [/usr/lib/gcc/x86_64-unknown-linux-gnu/12.2.0/crtbeginS.o] ==> obj [/usr/lib/gcc/x86_64-unknown-linux-gnu/12.2.0/crtbeginS.o]
    arg [-L/usr/lib/gcc/x86_64-unknown-linux-gnu/12.2.0] ==> dir [/usr/lib/gcc/x86_64-unknown-linux-gnu/12.2.0]
    arg [-L/usr/lib/gcc/x86_64-unknown-linux-gnu/12.2.0/../../../x86_64-linux-gnu] ==> dir [/usr/lib/gcc/x86_64-unknown-linux-gnu/12.2.0/../../../x86_64-linux-gnu]
    arg [-L/usr/lib/gcc/x86_64-unknown-linux-gnu/12.2.0/../../../../lib64] ==> dir [/usr/lib/gcc/x86_64-unknown-linux-gnu/12.2.0/../../../../lib64]
    arg [-L/lib/x86_64-linux-gnu] ==> dir [/lib/x86_64-linux-gnu]
    arg [-L/lib/../lib64] ==> dir [/lib/../lib64]
    arg [-L/usr/lib/x86_64-linux-gnu] ==> dir [/usr/lib/x86_64-linux-gnu]
    arg [-L/usr/lib/../lib64] ==> dir [/usr/lib/../lib64]
    arg [-L/usr/lib/gcc/x86_64-unknown-linux-gnu/12.2.0/../../../../x86_64-unknown-linux-gnu/lib] ==> dir [/usr/lib/gcc/x86_64-unknown-linux-gnu/12.2.0/../../../../x86_64-unknown-linux-gnu/lib]
    arg [-L/usr/lib/gcc/x86_64-unknown-linux-gnu/12.2.0/../../..] ==> dir [/usr/lib/gcc/x86_64-unknown-linux-gnu/12.2.0/../../..]
    arg [CMakeFiles/cmTC_e1df8.dir/CMakeCXXCompilerABI.cpp.o] ==> ignore
    arg [-lstdc++] ==> lib [stdc++]
    arg [-lm] ==> lib [m]
    arg [-lgcc_s] ==> lib [gcc_s]
    arg [-lgcc] ==> lib [gcc]
    arg [-lc] ==> lib [c]
    arg [-lgcc_s] ==> lib [gcc_s]
    arg [-lgcc] ==> lib [gcc]
    arg [/usr/lib/gcc/x86_64-unknown-linux-gnu/12.2.0/crtendS.o] ==> obj [/usr/lib/gcc/x86_64-unknown-linux-gnu/12.2.0/crtendS.o]
    arg [/usr/lib/gcc/x86_64-unknown-linux-gnu/12.2.0/../../../x86_64-linux-gnu/crtn.o] ==> obj [/usr/lib/gcc/x86_64-unknown-linux-gnu/12.2.0/../../../x86_64-linux-gnu/crtn.o]
  collapse obj [/usr/lib/gcc/x86_64-unknown-linux-gnu/12.2.0/../../../x86_64-linux-gnu/Scrt1.o] ==> [/usr/lib/x86_64-linux-gnu/Scrt1.o]
  collapse obj [/usr/lib/gcc/x86_64-unknown-linux-gnu/12.2.0/../../../x86_64-linux-gnu/crti.o] ==> [/usr/lib/x86_64-linux-gnu/crti.o]
  collapse obj [/usr/lib/gcc/x86_64-unknown-linux-gnu/12.2.0/../../../x86_64-linux-gnu/crtn.o] ==> [/usr/lib/x86_64-linux-gnu/crtn.o]
  collapse library dir [/usr/lib/gcc/x86_64-unknown-linux-gnu/12.2.0] ==> [/usr/lib/gcc/x86_64-unknown-linux-gnu/12.2.0]
  collapse library dir [/usr/lib/gcc/x86_64-unknown-linux-gnu/12.2.0/../../../x86_64-linux-gnu] ==> [/usr/lib/x86_64-linux-gnu]
  collapse library dir [/usr/lib/gcc/x86_64-unknown-linux-gnu/12.2.0/../../../../lib64] ==> [/usr/lib64]
  collapse library dir [/lib/x86_64-linux-gnu] ==> [/lib/x86_64-linux-gnu]
  collapse library dir [/lib/../lib64] ==> [/lib64]
  collapse library dir [/usr/lib/x86_64-linux-gnu] ==> [/usr/lib/x86_64-linux-gnu]
  collapse library dir [/usr/lib/../lib64] ==> [/usr/lib64]
  collapse library dir [/usr/lib/gcc/x86_64-unknown-linux-gnu/12.2.0/../../../../x86_64-unknown-linux-gnu/lib] ==> [/usr/x86_64-unknown-linux-gnu/lib]
  collapse library dir [/usr/lib/gcc/x86_64-unknown-linux-gnu/12.2.0/../../..] ==> [/usr/lib]
  implicit libs: [stdc++;m;gcc_s;gcc;c;gcc_s;gcc]
  implicit objs: [/usr/lib/x86_64-linux-gnu/Scrt1.o;/usr/lib/x86_64-linux-gnu/crti.o;/usr/lib/gcc/x86_64-unknown-linux-gnu/12.2.0/crtbeginS.o;/usr/lib/gcc/x86_64-unknown-linux-gnu/12.2.0/crtendS.o;/usr/lib/x86_64-linux-gnu/crtn.o]
  implicit dirs: [/usr/lib/gcc/x86_64-unknown-linux-gnu/12.2.0;/usr/lib/x86_64-linux-gnu;/usr/lib64;/lib/x86_64-linux-gnu;/lib64;/usr/x86_64-unknown-linux-gnu/lib;/usr/lib]
  implicit fwks: []


Performing C SOURCE FILE Test COMPILER_HAS_THOSE_TOGGLES succeeded with the following output:
Change Dir: /home/deck/source/repos/C++/raylib623/build/CMakeFiles/CMakeTmp

Run Build Command(s):/usr/bin/make -f Makefile cmTC_ff391/fast && /usr/bin/make  -f CMakeFiles/cmTC_ff391.dir/build.make CMakeFiles/cmTC_ff391.dir/build
make[1]: Entering directory '/home/deck/source/repos/C++/raylib623/build/CMakeFiles/CMakeTmp'
Building C object CMakeFiles/cmTC_ff391.dir/src.c.o
/usr/bin/cc -DCOMPILER_HAS_THOSE_TOGGLES  -fdiagnostics-color=always   -Werror=pointer-arith -o CMakeFiles/cmTC_ff391.dir/src.c.o -c /home/deck/source/repos/C++/raylib623/build/CMakeFiles/CMakeTmp/src.c
Linking C executable cmTC_ff391
/app/extra/clion/bin/cmake/linux/x64/bin/cmake -E cmake_link_script CMakeFiles/cmTC_ff391.dir/link.txt --verbose=1
/usr/bin/cc -rdynamic CMakeFiles/cmTC_ff391.dir/src.c.o -o cmTC_ff391 
make[1]: Leaving directory '/home/deck/source/repos/C++/raylib623/build/CMakeFiles/CMakeTmp'


Source file was:
int main(void) { return 0; }
Performing C SOURCE FILE Test CMAKE_HAVE_LIBC_PTHREAD succeeded with the following output:
Change Dir: /home/deck/source/repos/C++/raylib623/build/CMakeFiles/CMakeTmp

Run Build Command(s):/usr/bin/make -f Makefile cmTC_05bfe/fast && /usr/bin/make  -f CMakeFiles/cmTC_05bfe.dir/build.make CMakeFiles/cmTC_05bfe.dir/build
make[1]: Entering directory '/home/deck/source/repos/C++/raylib623/build/CMakeFiles/CMakeTmp'
Building C object CMakeFiles/cmTC_05bfe.dir/src.c.o
/usr/bin/cc -DCMAKE_HAVE_LIBC_PTHREAD  -fno-strict-aliasing -Werror=implicit-function-declaration -Werror=pointer-arith   -fdiagnostics-color=always -o CMakeFiles/cmTC_05bfe.dir/src.c.o -c /home/deck/source/repos/C++/raylib623/build/CMakeFiles/CMakeTmp/src.c
Linking C executable cmTC_05bfe
/app/extra/clion/bin/cmake/linux/x64/bin/cmake -E cmake_link_script CMakeFiles/cmTC_05bfe.dir/link.txt --verbose=1
/usr/bin/cc -fno-strict-aliasing -Werror=implicit-function-declaration -Werror=pointer-arith   -rdynamic CMakeFiles/cmTC_05bfe.dir/src.c.o -o cmTC_05bfe 
make[1]: Leaving directory '/home/deck/source/repos/C++/raylib623/build/CMakeFiles/CMakeTmp'


Source file was:
#include <pthread.h>

static void* test_func(void* data)
{
  return data;
}

int main(void)
{
  pthread_t thread;
  pthread_create(&thread, NULL, test_func, NULL);
  pthread_detach(thread);
  pthread_cancel(thread);
  pthread_join(thread, NULL);
  pthread_atfork(NULL, NULL, NULL);
  pthread_exit(NULL);

  return 0;
}

Determining if the function XOpenDisplay exists in the /usr/lib/x86_64-linux-gnu/libX11.so;/usr/lib/x86_64-linux-gnu/libXext.so passed with the following output:
Change Dir: /home/deck/source/repos/C++/raylib623/build/CMakeFiles/CMakeTmp

Run Build Command(s):/usr/bin/make -f Makefile cmTC_a97e7/fast && /usr/bin/make  -f CMakeFiles/cmTC_a97e7.dir/build.make CMakeFiles/cmTC_a97e7.dir/build
make[1]: Entering directory '/home/deck/source/repos/C++/raylib623/build/CMakeFiles/CMakeTmp'
Building C object CMakeFiles/cmTC_a97e7.dir/CheckFunctionExists.c.o
/usr/bin/cc   -fno-strict-aliasing -Werror=implicit-function-declaration -Werror=pointer-arith  -DCHECK_FUNCTION_EXISTS=XOpenDisplay -fdiagnostics-color=always -std=gnu99 -o CMakeFiles/cmTC_a97e7.dir/CheckFunctionExists.c.o -c /app/extra/clion/bin/cmake/linux/x64/share/cmake-3.24/Modules/CheckFunctionExists.c
Linking C executable cmTC_a97e7
/app/extra/clion/bin/cmake/linux/x64/bin/cmake -E cmake_link_script CMakeFiles/cmTC_a97e7.dir/link.txt --verbose=1
/usr/bin/cc -fno-strict-aliasing -Werror=implicit-function-declaration -Werror=pointer-arith  -DCHECK_FUNCTION_EXISTS=XOpenDisplay CMakeFiles/cmTC_a97e7.dir/CheckFunctionExists.c.o -o cmTC_a97e7  /usr/lib/x86_64-linux-gnu/libX11.so /usr/lib/x86_64-linux-gnu/libXext.so 
make[1]: Leaving directory '/home/deck/source/repos/C++/raylib623/build/CMakeFiles/CMakeTmp'



Determining if the function gethostbyname exists passed with the following output:
Change Dir: /home/deck/source/repos/C++/raylib623/build/CMakeFiles/CMakeTmp

Run Build Command(s):/usr/bin/make -f Makefile cmTC_27829/fast && /usr/bin/make  -f CMakeFiles/cmTC_27829.dir/build.make CMakeFiles/cmTC_27829.dir/build
make[1]: Entering directory '/home/deck/source/repos/C++/raylib623/build/CMakeFiles/CMakeTmp'
Building C object CMakeFiles/cmTC_27829.dir/CheckFunctionExists.c.o
/usr/bin/cc   -fno-strict-aliasing -Werror=implicit-function-declaration -Werror=pointer-arith  -DCHECK_FUNCTION_EXISTS=gethostbyname -fdiagnostics-color=always -std=gnu99 -o CMakeFiles/cmTC_27829.dir/CheckFunctionExists.c.o -c /app/extra/clion/bin/cmake/linux/x64/share/cmake-3.24/Modules/CheckFunctionExists.c
Linking C executable cmTC_27829
/app/extra/clion/bin/cmake/linux/x64/bin/cmake -E cmake_link_script CMakeFiles/cmTC_27829.dir/link.txt --verbose=1
/usr/bin/cc -fno-strict-aliasing -Werror=implicit-function-declaration -Werror=pointer-arith  -DCHECK_FUNCTION_EXISTS=gethostbyname CMakeFiles/cmTC_27829.dir/CheckFunctionExists.c.o -o cmTC_27829 
make[1]: Leaving directory '/home/deck/source/repos/C++/raylib623/build/CMakeFiles/CMakeTmp'



Determining if the function connect exists passed with the following output:
Change Dir: /home/deck/source/repos/C++/raylib623/build/CMakeFiles/CMakeTmp

Run Build Command(s):/usr/bin/make -f Makefile cmTC_523c6/fast && /usr/bin/make  -f CMakeFiles/cmTC_523c6.dir/build.make CMakeFiles/cmTC_523c6.dir/build
make[1]: Entering directory '/home/deck/source/repos/C++/raylib623/build/CMakeFiles/CMakeTmp'
Building C object CMakeFiles/cmTC_523c6.dir/CheckFunctionExists.c.o
/usr/bin/cc   -fno-strict-aliasing -Werror=implicit-function-declaration -Werror=pointer-arith  -DCHECK_FUNCTION_EXISTS=connect -fdiagnostics-color=always -std=gnu99 -o CMakeFiles/cmTC_523c6.dir/CheckFunctionExists.c.o -c /app/extra/clion/bin/cmake/linux/x64/share/cmake-3.24/Modules/CheckFunctionExists.c
Linking C executable cmTC_523c6
/app/extra/clion/bin/cmake/linux/x64/bin/cmake -E cmake_link_script CMakeFiles/cmTC_523c6.dir/link.txt --verbose=1
/usr/bin/cc -fno-strict-aliasing -Werror=implicit-function-declaration -Werror=pointer-arith  -DCHECK_FUNCTION_EXISTS=connect CMakeFiles/cmTC_523c6.dir/CheckFunctionExists.c.o -o cmTC_523c6 
make[1]: Leaving directory '/home/deck/source/repos/C++/raylib623/build/CMakeFiles/CMakeTmp'



Determining if the function remove exists passed with the following output:
Change Dir: /home/deck/source/repos/C++/raylib623/build/CMakeFiles/CMakeTmp

Run Build Command(s):/usr/bin/make -f Makefile cmTC_8ec6f/fast && /usr/bin/make  -f CMakeFiles/cmTC_8ec6f.dir/build.make CMakeFiles/cmTC_8ec6f.dir/build
make[1]: Entering directory '/home/deck/source/repos/C++/raylib623/build/CMakeFiles/CMakeTmp'
Building C object CMakeFiles/cmTC_8ec6f.dir/CheckFunctionExists.c.o
/usr/bin/cc   -fno-strict-aliasing -Werror=implicit-function-declaration -Werror=pointer-arith  -DCHECK_FUNCTION_EXISTS=remove -fdiagnostics-color=always -std=gnu99 -o CMakeFiles/cmTC_8ec6f.dir/CheckFunctionExists.c.o -c /app/extra/clion/bin/cmake/linux/x64/share/cmake-3.24/Modules/CheckFunctionExists.c
Linking C executable cmTC_8ec6f
/app/extra/clion/bin/cmake/linux/x64/bin/cmake -E cmake_link_script CMakeFiles/cmTC_8ec6f.dir/link.txt --verbose=1
/usr/bin/cc -fno-strict-aliasing -Werror=implicit-function-declaration -Werror=pointer-arith  -DCHECK_FUNCTION_EXISTS=remove CMakeFiles/cmTC_8ec6f.dir/CheckFunctionExists.c.o -o cmTC_8ec6f 
make[1]: Leaving directory '/home/deck/source/repos/C++/raylib623/build/CMakeFiles/CMakeTmp'



Determining if the function shmat exists passed with the following output:
Change Dir: /home/deck/source/repos/C++/raylib623/build/CMakeFiles/CMakeTmp

Run Build Command(s):/usr/bin/make -f Makefile cmTC_fe0c7/fast && /usr/bin/make  -f CMakeFiles/cmTC_fe0c7.dir/build.make CMakeFiles/cmTC_fe0c7.dir/build
make[1]: Entering directory '/home/deck/source/repos/C++/raylib623/build/CMakeFiles/CMakeTmp'
Building C object CMakeFiles/cmTC_fe0c7.dir/CheckFunctionExists.c.o
/usr/bin/cc   -fno-strict-aliasing -Werror=implicit-function-declaration -Werror=pointer-arith  -DCHECK_FUNCTION_EXISTS=shmat -fdiagnostics-color=always -std=gnu99 -o CMakeFiles/cmTC_fe0c7.dir/CheckFunctionExists.c.o -c /app/extra/clion/bin/cmake/linux/x64/share/cmake-3.24/Modules/CheckFunctionExists.c
Linking C executable cmTC_fe0c7
/app/extra/clion/bin/cmake/linux/x64/bin/cmake -E cmake_link_script CMakeFiles/cmTC_fe0c7.dir/link.txt --verbose=1
/usr/bin/cc -fno-strict-aliasing -Werror=implicit-function-declaration -Werror=pointer-arith  -DCHECK_FUNCTION_EXISTS=shmat CMakeFiles/cmTC_fe0c7.dir/CheckFunctionExists.c.o -o cmTC_fe0c7 
make[1]: Leaving directory '/home/deck/source/repos/C++/raylib623/build/CMakeFiles/CMakeTmp'



Determining if the function IceConnectionNumber exists in the ICE passed with the following output:
Change Dir: /home/deck/source/repos/C++/raylib623/build/CMakeFiles/CMakeTmp

Run Build Command(s):/usr/bin/make -f Makefile cmTC_6f2a6/fast && /usr/bin/make  -f CMakeFiles/cmTC_6f2a6.dir/build.make CMakeFiles/cmTC_6f2a6.dir/build
make[1]: Entering directory '/home/deck/source/repos/C++/raylib623/build/CMakeFiles/CMakeTmp'
Building C object CMakeFiles/cmTC_6f2a6.dir/CheckFunctionExists.c.o
/usr/bin/cc   -fno-strict-aliasing -Werror=implicit-function-declaration -Werror=pointer-arith  -DCHECK_FUNCTION_EXISTS=IceConnectionNumber -fdiagnostics-color=always -std=gnu99 -o CMakeFiles/cmTC_6f2a6.dir/CheckFunctionExists.c.o -c /app/extra/clion/bin/cmake/linux/x64/share/cmake-3.24/Modules/CheckFunctionExists.c
Linking C executable cmTC_6f2a6
/app/extra/clion/bin/cmake/linux/x64/bin/cmake -E cmake_link_script CMakeFiles/cmTC_6f2a6.dir/link.txt --verbose=1
/usr/bin/cc -fno-strict-aliasing -Werror=implicit-function-declaration -Werror=pointer-arith  -DCHECK_FUNCTION_EXISTS=IceConnectionNumber CMakeFiles/cmTC_6f2a6.dir/CheckFunctionExists.c.o -o cmTC_6f2a6  -lICE 
make[1]: Leaving directory '/home/deck/source/repos/C++/raylib623/build/CMakeFiles/CMakeTmp'



